[02-Mar-2018 18:42:51 UTC] PHP Warning:  sprintf(): Too few arguments in /home/ubuntu/workspace/wp-admin/includes/class-bulk-upgrader-skin.php on line 154
[02-Mar-2018 18:42:51 UTC] PHP Stack trace:
[02-Mar-2018 18:42:51 UTC] PHP   1. {main}() /home/ubuntu/workspace/wp-admin/themes.php:0
[02-Mar-2018 18:42:51 UTC] PHP   2. require_once() /home/ubuntu/workspace/wp-admin/themes.php:10
[02-Mar-2018 18:42:51 UTC] PHP   3. do_action() /home/ubuntu/workspace/wp-admin/admin.php:222
[02-Mar-2018 18:42:51 UTC] PHP   4. WP_Hook->do_action() /home/ubuntu/workspace/wp-includes/plugin.php:453
[02-Mar-2018 18:42:51 UTC] PHP   5. WP_Hook->apply_filters() /home/ubuntu/workspace/wp-includes/class-wp-hook.php:323
[02-Mar-2018 18:42:51 UTC] PHP   6. call_user_func_array:{/home/ubuntu/workspace/wp-includes/class-wp-hook.php:298}() /home/ubuntu/workspace/wp-includes/class-wp-hook.php:298
[02-Mar-2018 18:42:51 UTC] PHP   7. TGM_Plugin_Activation->install_plugins_page() /home/ubuntu/workspace/wp-includes/class-wp-hook.php:298
[02-Mar-2018 18:42:51 UTC] PHP   8. TGMPA_List_Table->process_bulk_actions() /home/ubuntu/workspace/wp-content/themes/brando/lib/tgm/class-tgm-plugin-activation.php:735
[02-Mar-2018 18:42:51 UTC] PHP   9. TGMPA_Bulk_Installer->bulk_install() /home/ubuntu/workspace/wp-content/themes/brando/lib/tgm/class-tgm-plugin-activation.php:2969
[02-Mar-2018 18:42:51 UTC] PHP  10. TGMPA_Bulk_Installer->run() /home/ubuntu/workspace/wp-content/themes/brando/lib/tgm/class-tgm-plugin-activation.php:3366
[02-Mar-2018 18:42:51 UTC] PHP  11. WP_Upgrader->run() /home/ubuntu/workspace/wp-content/themes/brando/lib/tgm/class-tgm-plugin-activation.php:3250
[02-Mar-2018 18:42:51 UTC] PHP  12. TGMPA_Bulk_Installer_Skin->after() /home/ubuntu/workspace/wp-admin/includes/class-wp-upgrader.php:757
[02-Mar-2018 18:42:51 UTC] PHP  13. Bulk_Upgrader_Skin->after() /home/ubuntu/workspace/wp-content/themes/brando/lib/tgm/class-tgm-plugin-activation.php:3630
[02-Mar-2018 18:42:51 UTC] PHP  14. sprintf() /home/ubuntu/workspace/wp-admin/includes/class-bulk-upgrader-skin.php:154
[02-Mar-2018 18:42:52 UTC] PHP Warning:  sprintf(): Too few arguments in /home/ubuntu/workspace/wp-admin/includes/class-bulk-upgrader-skin.php on line 154
[02-Mar-2018 18:42:52 UTC] PHP Stack trace:
[02-Mar-2018 18:42:52 UTC] PHP   1. {main}() /home/ubuntu/workspace/wp-admin/themes.php:0
[02-Mar-2018 18:42:52 UTC] PHP   2. require_once() /home/ubuntu/workspace/wp-admin/themes.php:10
[02-Mar-2018 18:42:52 UTC] PHP   3. do_action() /home/ubuntu/workspace/wp-admin/admin.php:222
[02-Mar-2018 18:42:52 UTC] PHP   4. WP_Hook->do_action() /home/ubuntu/workspace/wp-includes/plugin.php:453
[02-Mar-2018 18:42:52 UTC] PHP   5. WP_Hook->apply_filters() /home/ubuntu/workspace/wp-includes/class-wp-hook.php:323
[02-Mar-2018 18:42:52 UTC] PHP   6. call_user_func_array:{/home/ubuntu/workspace/wp-includes/class-wp-hook.php:298}() /home/ubuntu/workspace/wp-includes/class-wp-hook.php:298
[02-Mar-2018 18:42:52 UTC] PHP   7. TGM_Plugin_Activation->install_plugins_page() /home/ubuntu/workspace/wp-includes/class-wp-hook.php:298
[02-Mar-2018 18:42:52 UTC] PHP   8. TGMPA_List_Table->process_bulk_actions() /home/ubuntu/workspace/wp-content/themes/brando/lib/tgm/class-tgm-plugin-activation.php:735
[02-Mar-2018 18:42:52 UTC] PHP   9. TGMPA_Bulk_Installer->bulk_install() /home/ubuntu/workspace/wp-content/themes/brando/lib/tgm/class-tgm-plugin-activation.php:2969
[02-Mar-2018 18:42:52 UTC] PHP  10. TGMPA_Bulk_Installer->run() /home/ubuntu/workspace/wp-content/themes/brando/lib/tgm/class-tgm-plugin-activation.php:3366
[02-Mar-2018 18:42:52 UTC] PHP  11. WP_Upgrader->run() /home/ubuntu/workspace/wp-content/themes/brando/lib/tgm/class-tgm-plugin-activation.php:3250
[02-Mar-2018 18:42:52 UTC] PHP  12. TGMPA_Bulk_Installer_Skin->after() /home/ubuntu/workspace/wp-admin/includes/class-wp-upgrader.php:757
[02-Mar-2018 18:42:52 UTC] PHP  13. Bulk_Upgrader_Skin->after() /home/ubuntu/workspace/wp-content/themes/brando/lib/tgm/class-tgm-plugin-activation.php:3630
[02-Mar-2018 18:42:52 UTC] PHP  14. sprintf() /home/ubuntu/workspace/wp-admin/includes/class-bulk-upgrader-skin.php:154
[02-Mar-2018 18:42:53 UTC] PHP Warning:  sprintf(): Too few arguments in /home/ubuntu/workspace/wp-admin/includes/class-bulk-upgrader-skin.php on line 154
[02-Mar-2018 18:42:53 UTC] PHP Stack trace:
[02-Mar-2018 18:42:53 UTC] PHP   1. {main}() /home/ubuntu/workspace/wp-admin/themes.php:0
[02-Mar-2018 18:42:53 UTC] PHP   2. require_once() /home/ubuntu/workspace/wp-admin/themes.php:10
[02-Mar-2018 18:42:53 UTC] PHP   3. do_action() /home/ubuntu/workspace/wp-admin/admin.php:222
[02-Mar-2018 18:42:53 UTC] PHP   4. WP_Hook->do_action() /home/ubuntu/workspace/wp-includes/plugin.php:453
[02-Mar-2018 18:42:53 UTC] PHP   5. WP_Hook->apply_filters() /home/ubuntu/workspace/wp-includes/class-wp-hook.php:323
[02-Mar-2018 18:42:53 UTC] PHP   6. call_user_func_array:{/home/ubuntu/workspace/wp-includes/class-wp-hook.php:298}() /home/ubuntu/workspace/wp-includes/class-wp-hook.php:298
[02-Mar-2018 18:42:53 UTC] PHP   7. TGM_Plugin_Activation->install_plugins_page() /home/ubuntu/workspace/wp-includes/class-wp-hook.php:298
[02-Mar-2018 18:42:53 UTC] PHP   8. TGMPA_List_Table->process_bulk_actions() /home/ubuntu/workspace/wp-content/themes/brando/lib/tgm/class-tgm-plugin-activation.php:735
[02-Mar-2018 18:42:53 UTC] PHP   9. TGMPA_Bulk_Installer->bulk_install() /home/ubuntu/workspace/wp-content/themes/brando/lib/tgm/class-tgm-plugin-activation.php:2969
[02-Mar-2018 18:42:53 UTC] PHP  10. TGMPA_Bulk_Installer->run() /home/ubuntu/workspace/wp-content/themes/brando/lib/tgm/class-tgm-plugin-activation.php:3366
[02-Mar-2018 18:42:53 UTC] PHP  11. WP_Upgrader->run() /home/ubuntu/workspace/wp-content/themes/brando/lib/tgm/class-tgm-plugin-activation.php:3250
[02-Mar-2018 18:42:53 UTC] PHP  12. TGMPA_Bulk_Installer_Skin->after() /home/ubuntu/workspace/wp-admin/includes/class-wp-upgrader.php:757
[02-Mar-2018 18:42:53 UTC] PHP  13. Bulk_Upgrader_Skin->after() /home/ubuntu/workspace/wp-content/themes/brando/lib/tgm/class-tgm-plugin-activation.php:3630
[02-Mar-2018 18:42:53 UTC] PHP  14. sprintf() /home/ubuntu/workspace/wp-admin/includes/class-bulk-upgrader-skin.php:154
[02-Mar-2018 18:42:54 UTC] PHP Warning:  sprintf(): Too few arguments in /home/ubuntu/workspace/wp-admin/includes/class-bulk-upgrader-skin.php on line 154
[02-Mar-2018 18:42:54 UTC] PHP Stack trace:
[02-Mar-2018 18:42:54 UTC] PHP   1. {main}() /home/ubuntu/workspace/wp-admin/themes.php:0
[02-Mar-2018 18:42:54 UTC] PHP   2. require_once() /home/ubuntu/workspace/wp-admin/themes.php:10
[02-Mar-2018 18:42:54 UTC] PHP   3. do_action() /home/ubuntu/workspace/wp-admin/admin.php:222
[02-Mar-2018 18:42:54 UTC] PHP   4. WP_Hook->do_action() /home/ubuntu/workspace/wp-includes/plugin.php:453
[02-Mar-2018 18:42:54 UTC] PHP   5. WP_Hook->apply_filters() /home/ubuntu/workspace/wp-includes/class-wp-hook.php:323
[02-Mar-2018 18:42:54 UTC] PHP   6. call_user_func_array:{/home/ubuntu/workspace/wp-includes/class-wp-hook.php:298}() /home/ubuntu/workspace/wp-includes/class-wp-hook.php:298
[02-Mar-2018 18:42:54 UTC] PHP   7. TGM_Plugin_Activation->install_plugins_page() /home/ubuntu/workspace/wp-includes/class-wp-hook.php:298
[02-Mar-2018 18:42:54 UTC] PHP   8. TGMPA_List_Table->process_bulk_actions() /home/ubuntu/workspace/wp-content/themes/brando/lib/tgm/class-tgm-plugin-activation.php:735
[02-Mar-2018 18:42:54 UTC] PHP   9. TGMPA_Bulk_Installer->bulk_install() /home/ubuntu/workspace/wp-content/themes/brando/lib/tgm/class-tgm-plugin-activation.php:2969
[02-Mar-2018 18:42:54 UTC] PHP  10. TGMPA_Bulk_Installer->run() /home/ubuntu/workspace/wp-content/themes/brando/lib/tgm/class-tgm-plugin-activation.php:3366
[02-Mar-2018 18:42:54 UTC] PHP  11. WP_Upgrader->run() /home/ubuntu/workspace/wp-content/themes/brando/lib/tgm/class-tgm-plugin-activation.php:3250
[02-Mar-2018 18:42:54 UTC] PHP  12. TGMPA_Bulk_Installer_Skin->after() /home/ubuntu/workspace/wp-admin/includes/class-wp-upgrader.php:757
[02-Mar-2018 18:42:54 UTC] PHP  13. Bulk_Upgrader_Skin->after() /home/ubuntu/workspace/wp-content/themes/brando/lib/tgm/class-tgm-plugin-activation.php:3630
[02-Mar-2018 18:42:54 UTC] PHP  14. sprintf() /home/ubuntu/workspace/wp-admin/includes/class-bulk-upgrader-skin.php:154
[02-Mar-2018 19:08:17 UTC] PHP Warning:  imagecreatetruecolor(): Invalid image dimensions in /home/ubuntu/workspace/wp-includes/media.php on line 2833
[02-Mar-2018 19:08:17 UTC] PHP Stack trace:
[02-Mar-2018 19:08:17 UTC] PHP   1. {main}() /home/ubuntu/workspace/wp-admin/admin-ajax.php:0
[02-Mar-2018 19:08:17 UTC] PHP   2. do_action() /home/ubuntu/workspace/wp-admin/admin-ajax.php:91
[02-Mar-2018 19:08:17 UTC] PHP   3. WP_Hook->do_action() /home/ubuntu/workspace/wp-includes/plugin.php:453
[02-Mar-2018 19:08:17 UTC] PHP   4. WP_Hook->apply_filters() /home/ubuntu/workspace/wp-includes/class-wp-hook.php:323
[02-Mar-2018 19:08:17 UTC] PHP   5. call_user_func_array:{/home/ubuntu/workspace/wp-includes/class-wp-hook.php:298}() /home/ubuntu/workspace/wp-includes/class-wp-hook.php:298
[02-Mar-2018 19:08:17 UTC] PHP   6. Custom_Image_Header->ajax_header_crop() /home/ubuntu/workspace/wp-includes/class-wp-hook.php:298
[02-Mar-2018 19:08:17 UTC] PHP   7. wp_crop_image() /home/ubuntu/workspace/wp-admin/custom-header.php:1237
[02-Mar-2018 19:08:17 UTC] PHP   8. WP_Image_Editor_GD->crop() /home/ubuntu/workspace/wp-admin/includes/image.php:43
[02-Mar-2018 19:08:17 UTC] PHP   9. wp_imagecreatetruecolor() /home/ubuntu/workspace/wp-includes/class-wp-image-editor-gd.php:286
[02-Mar-2018 19:08:17 UTC] PHP  10. imagecreatetruecolor() /home/ubuntu/workspace/wp-includes/media.php:2833
[02-Mar-2018 19:08:17 UTC] PHP Warning:  imagecopyresampled() expects parameter 1 to be resource, boolean given in /home/ubuntu/workspace/wp-includes/class-wp-image-editor-gd.php on line 296
[02-Mar-2018 19:08:17 UTC] PHP Stack trace:
[02-Mar-2018 19:08:17 UTC] PHP   1. {main}() /home/ubuntu/workspace/wp-admin/admin-ajax.php:0
[02-Mar-2018 19:08:17 UTC] PHP   2. do_action() /home/ubuntu/workspace/wp-admin/admin-ajax.php:91
[02-Mar-2018 19:08:17 UTC] PHP   3. WP_Hook->do_action() /home/ubuntu/workspace/wp-includes/plugin.php:453
[02-Mar-2018 19:08:17 UTC] PHP   4. WP_Hook->apply_filters() /home/ubuntu/workspace/wp-includes/class-wp-hook.php:323
[02-Mar-2018 19:08:17 UTC] PHP   5. call_user_func_array:{/home/ubuntu/workspace/wp-includes/class-wp-hook.php:298}() /home/ubuntu/workspace/wp-includes/class-wp-hook.php:298
[02-Mar-2018 19:08:17 UTC] PHP   6. Custom_Image_Header->ajax_header_crop() /home/ubuntu/workspace/wp-includes/class-wp-hook.php:298
[02-Mar-2018 19:08:17 UTC] PHP   7. wp_crop_image() /home/ubuntu/workspace/wp-admin/custom-header.php:1237
[02-Mar-2018 19:08:17 UTC] PHP   8. WP_Image_Editor_GD->crop() /home/ubuntu/workspace/wp-admin/includes/image.php:43
[02-Mar-2018 19:08:17 UTC] PHP   9. imagecopyresampled() /home/ubuntu/workspace/wp-includes/class-wp-image-editor-gd.php:296
[03-Mar-2018 15:54:39 UTC] PHP Warning:  imagecreatetruecolor(): Invalid image dimensions in /home/ubuntu/workspace/wp-includes/media.php on line 2833
[03-Mar-2018 15:54:39 UTC] PHP Stack trace:
[03-Mar-2018 15:54:39 UTC] PHP   1. {main}() /home/ubuntu/workspace/wp-admin/admin-ajax.php:0
[03-Mar-2018 15:54:39 UTC] PHP   2. do_action() /home/ubuntu/workspace/wp-admin/admin-ajax.php:91
[03-Mar-2018 15:54:39 UTC] PHP   3. WP_Hook->do_action() /home/ubuntu/workspace/wp-includes/plugin.php:453
[03-Mar-2018 15:54:39 UTC] PHP   4. WP_Hook->apply_filters() /home/ubuntu/workspace/wp-includes/class-wp-hook.php:323
[03-Mar-2018 15:54:39 UTC] PHP   5. call_user_func_array:{/home/ubuntu/workspace/wp-includes/class-wp-hook.php:298}() /home/ubuntu/workspace/wp-includes/class-wp-hook.php:298
[03-Mar-2018 15:54:39 UTC] PHP   6. Custom_Image_Header->ajax_header_crop() /home/ubuntu/workspace/wp-includes/class-wp-hook.php:298
[03-Mar-2018 15:54:39 UTC] PHP   7. wp_crop_image() /home/ubuntu/workspace/wp-admin/custom-header.php:1237
[03-Mar-2018 15:54:39 UTC] PHP   8. WP_Image_Editor_GD->crop() /home/ubuntu/workspace/wp-admin/includes/image.php:43
[03-Mar-2018 15:54:39 UTC] PHP   9. wp_imagecreatetruecolor() /home/ubuntu/workspace/wp-includes/class-wp-image-editor-gd.php:286
[03-Mar-2018 15:54:39 UTC] PHP  10. imagecreatetruecolor() /home/ubuntu/workspace/wp-includes/media.php:2833
[03-Mar-2018 15:54:39 UTC] PHP Warning:  imagecopyresampled() expects parameter 1 to be resource, boolean given in /home/ubuntu/workspace/wp-includes/class-wp-image-editor-gd.php on line 296
[03-Mar-2018 15:54:39 UTC] PHP Stack trace:
[03-Mar-2018 15:54:39 UTC] PHP   1. {main}() /home/ubuntu/workspace/wp-admin/admin-ajax.php:0
[03-Mar-2018 15:54:39 UTC] PHP   2. do_action() /home/ubuntu/workspace/wp-admin/admin-ajax.php:91
[03-Mar-2018 15:54:39 UTC] PHP   3. WP_Hook->do_action() /home/ubuntu/workspace/wp-includes/plugin.php:453
[03-Mar-2018 15:54:39 UTC] PHP   4. WP_Hook->apply_filters() /home/ubuntu/workspace/wp-includes/class-wp-hook.php:323
[03-Mar-2018 15:54:39 UTC] PHP   5. call_user_func_array:{/home/ubuntu/workspace/wp-includes/class-wp-hook.php:298}() /home/ubuntu/workspace/wp-includes/class-wp-hook.php:298
[03-Mar-2018 15:54:39 UTC] PHP   6. Custom_Image_Header->ajax_header_crop() /home/ubuntu/workspace/wp-includes/class-wp-hook.php:298
[03-Mar-2018 15:54:39 UTC] PHP   7. wp_crop_image() /home/ubuntu/workspace/wp-admin/custom-header.php:1237
[03-Mar-2018 15:54:39 UTC] PHP   8. WP_Image_Editor_GD->crop() /home/ubuntu/workspace/wp-admin/includes/image.php:43
[03-Mar-2018 15:54:39 UTC] PHP   9. imagecopyresampled() /home/ubuntu/workspace/wp-includes/class-wp-image-editor-gd.php:296
